{"message":"Iniciando el entorno dev","level":"info"}
{"message":"El servidor esta corriendo en el puerto 8080","level":"info"}
{"message":"Esta es la base de datos que se esta usando mongodb+srv://root:alumno@cluster0-x5pfg.mongodb.net/test?retryWrites=true&w=majority","level":"info"}
{"message":"Iniciando el entorno dev","level":"info"}
{"message":"El servidor esta corriendo en el puerto 8080","level":"info"}
{"message":"Esta es la base de datos que se esta usando mongodb+srv://root:alumno@cluster0-x5pfg.mongodb.net/test?retryWrites=true&w=majority","level":"info"}
{"message":"Iniciando el entorno development","level":"info"}
{"message":"El servidor esta corriendo en el puerto 8080","level":"info"}
{"message":"Esta es la base de datos que se esta usando mongodb+srv://root:alumno@cluster0-x5pfg.mongodb.net/test?retryWrites=true&w=majority","level":"info"}
{"message":"Iniciando el entorno development","level":"info"}
{"message":"El servidor esta corriendo en el puerto 8080","level":"info"}
{"message":"Esta es la base de datos que se esta usando mongodb+srv://root:alumno@cluster0-x5pfg.mongodb.net/test?retryWrites=true&w=majority","level":"info"}
{"message":"Iniciando el entorno development","level":"info"}
{"message":"El servidor esta corriendo en el puerto 8080","level":"info"}
{"message":"Esta es la base de datos que se esta usando mongodb+srv://root:alumno@cluster0-x5pfg.mongodb.net/test?retryWrites=true&w=majority","level":"info"}
{"message":"Iniciando el entorno development","level":"info"}
{"message":"El servidor esta corriendo en el puerto 8080","level":"info"}
{"message":"Esta es la base de datos que se esta usando mongodb+srv://root:alumno@cluster0-x5pfg.mongodb.net/test?retryWrites=true&w=majority","level":"info"}
{"message":"Iniciando el entorno development","level":"info"}
{"message":"El servidor esta corriendo en el puerto 8080","level":"info"}
{"message":"Esta es la base de datos que se esta usando mongodb+srv://root:alumno@cluster0-x5pfg.mongodb.net/test?retryWrites=true&w=majority","level":"info"}
{"message":"Iniciando el entorno development","level":"info"}
{"message":"El servidor esta corriendo en el puerto 8080","level":"info"}
{"message":"Esta es la base de datos que se esta usando mongodb+srv://root:alumno@cluster0-x5pfg.mongodb.net/test?retryWrites=true&w=majority","level":"info"}
{"message":"Iniciando el entorno development","level":"info"}
{"message":"El servidor esta corriendo en el puerto 8080","level":"info"}
{"message":"Esta es la base de datos que se esta usando mongodb+srv://root:alumno@cluster0-x5pfg.mongodb.net/test?retryWrites=true&w=majority","level":"info"}
{"message":"Iniciando el entorno development","level":"info"}
{"message":"El servidor esta corriendo en el puerto 8080","level":"info"}
{"message":"Esta es la base de datos que se esta usando mongodb+srv://root:alumno@cluster0-x5pfg.mongodb.net/test?retryWrites=true&w=majority","level":"info"}
{"message":"Iniciando el entorno development","level":"info"}
{"message":"Iniciando el entorno development","level":"info"}
{"message":"Hubo un error conectandose a la base de datos querySrv ECONNREFUSED _mongodb._tcp.cluster0-x5pfg.mongodb.net","level":"error"}
{"message":"Iniciando el entorno development","level":"info"}
{"message":"Iniciando el entorno development","level":"info"}
{"message":"Hubo un error conectandose a la base de datos querySrv ECONNREFUSED _mongodb._tcp.cluster0-x5pfg.mongodb.net","level":"error"}
{"message":"Iniciando el entorno development","level":"info"}
{"message":"Iniciando el entorno development","level":"info"}
{"message":"El servidor esta corriendo en el puerto 8080","level":"info"}
{"message":"Esta es la base de datos que se esta usando mongodb+srv://root:alumno@cluster0-x5pfg.mongodb.net/test?retryWrites=true&w=majority","level":"info"}
{"message":"Iniciando el entorno development","level":"info"}
{"message":"Iniciando el entorno development","level":"info"}
{"message":"El servidor esta corriendo en el puerto 8080","level":"info"}
{"message":"Esta es la base de datos que se esta usando mongodb+srv://root:alumno@cluster0-x5pfg.mongodb.net/test?retryWrites=true&w=majority","level":"info"}
{"message":"Iniciando el entorno development","level":"info"}
{"message":"Hubo un error conectandose a la base de datos querySrv ECONNREFUSED _mongodb._tcp.cluster0-x5pfg.mongodb.net","level":"error"}
{"message":"Iniciando el entorno development","level":"info"}
{"message":"Hubo un error conectandose a la base de datos querySrv ECONNREFUSED _mongodb._tcp.cluster0-x5pfg.mongodb.net","level":"error"}
{"message":"Iniciando el entorno development","level":"info"}
{"message":"Hubo un error conectandose a la base de datos querySrv ECONNREFUSED _mongodb._tcp.cluster0-x5pfg.mongodb.net","level":"error"}
{"message":"Iniciando el entorno development","level":"info"}
{"message":"Iniciando el entorno development","level":"info"}
{"message":"Hubo un error conectandose a la base de datos querySrv ECONNREFUSED _mongodb._tcp.cluster0-x5pfg.mongodb.net","level":"error"}
{"message":"Iniciando el entorno development","level":"info"}
{"message":"Hubo un error conectandose a la base de datos querySrv ECONNREFUSED _mongodb._tcp.cluster0-x5pfg.mongodb.net","level":"error"}
{"message":"Iniciando el entorno development","level":"info"}
{"message":"Iniciando el entorno development","level":"info"}
{"message":"Iniciando el entorno development","level":"info"}
{"message":"Iniciando el entorno development","level":"info"}
{"message":"Iniciando el entorno development","level":"info"}
{"message":"Iniciando el entorno development","level":"info"}
{"message":"Hubo un error conectandose a la base de datos querySrv ECONNREFUSED _mongodb._tcp.cluster0-x5pfg.mongodb.net","level":"error"}
{"message":"Iniciando el entorno development","level":"info"}
{"message":"Hubo un error conectandose a la base de datos querySrv ECONNREFUSED _mongodb._tcp.cluster0-x5pfg.mongodb.net","level":"error"}
{"message":"Iniciando el entorno development","level":"info"}
{"message":"Hubo un error conectandose a la base de datos querySrv ECONNREFUSED _mongodb._tcp.cluster0-x5pfg.mongodb.net","level":"error"}
{"message":"Iniciando el entorno development","level":"info"}
{"message":"Iniciando el entorno development","level":"info"}
{"message":"Hubo un error conectandose a la base de datos querySrv ECONNREFUSED _mongodb._tcp.cluster0-x5pfg.mongodb.net","level":"error"}
{"message":"Iniciando el entorno development","level":"info"}
{"message":"Iniciando el entorno development","level":"info"}
{"message":"Iniciando el entorno development","level":"info"}
{"message":"Iniciando el entorno development","level":"info"}
{"message":"Iniciando el entorno development","level":"info"}
{"message":"Hubo un error conectandose a la base de datos querySrv ECONNREFUSED _mongodb._tcp.cluster0-x5pfg.mongodb.net","level":"error"}
{"message":"Iniciando el entorno development","level":"info"}
{"message":"Hubo un error conectandose a la base de datos querySrv ECONNREFUSED _mongodb._tcp.cluster0-x5pfg.mongodb.net","level":"error"}
{"message":"Iniciando el entorno development","level":"info"}
{"message":"El servidor esta corriendo en el puerto 8080","level":"info"}
{"message":"Esta es la base de datos que se esta usando mongodb+srv://root:alumno@cluster0-x5pfg.mongodb.net/test?retryWrites=true&w=majority","level":"info"}
{"message":"Iniciando el entorno development","level":"info"}
{"message":"El servidor esta corriendo en el puerto 8080","level":"info"}
{"message":"Esta es la base de datos que se esta usando mongodb://localhost/adifia","level":"info"}
{"message":"Iniciando el entorno development","level":"info"}
{"message":"El servidor esta corriendo en el puerto 8080","level":"info"}
{"message":"Esta es la base de datos que se esta usando mongodb://localhost/adifia","level":"info"}
{"message":"Iniciando el entorno development","level":"info"}
{"message":"El servidor esta corriendo en el puerto 8080","level":"info"}
{"message":"Esta es la base de datos que se esta usando mongodb://localhost/adifia","level":"info"}
{"message":"Iniciando el entorno development","level":"info"}
{"message":"Iniciando el entorno development","level":"info"}
{"message":"El servidor esta corriendo en el puerto 8080","level":"info"}
{"message":"Esta es la base de datos que se esta usando mongodb://localhost/adifia","level":"info"}
{"message":"Iniciando el entorno development","level":"info"}
{"message":"El servidor esta corriendo en el puerto 8080","level":"info"}
{"message":"Esta es la base de datos que se esta usando mongodb://localhost/adifia","level":"info"}
{"message":"Iniciando el entorno development","level":"info"}
{"message":"El servidor esta corriendo en el puerto 8080","level":"info"}
{"message":"Esta es la base de datos que se esta usando mongodb://localhost/adifia","level":"info"}
{"message":"Iniciando el entorno development","level":"info"}
{"message":"El servidor esta corriendo en el puerto 8080","level":"info"}
{"message":"Esta es la base de datos que se esta usando mongodb://localhost/adifia","level":"info"}
{"message":"Iniciando el entorno development","level":"info"}
{"message":"El servidor esta corriendo en el puerto 8080","level":"info"}
{"message":"Esta es la base de datos que se esta usando mongodb://localhost/adifia","level":"info"}
{"message":"Iniciando el entorno development","level":"info"}
{"message":"El servidor esta corriendo en el puerto 8080","level":"info"}
{"message":"Esta es la base de datos que se esta usando mongodb://localhost/adifia","level":"info"}
{"message":"Iniciando el entorno development","level":"info"}
{"message":"El servidor esta corriendo en el puerto 8080","level":"info"}
{"message":"Esta es la base de datos que se esta usando mongodb://localhost/adifia","level":"info"}
{"message":"Iniciando el entorno development","level":"info"}
{"message":"El servidor esta corriendo en el puerto 8080","level":"info"}
{"message":"Esta es la base de datos que se esta usando mongodb://localhost/adifia","level":"info"}
{"message":"Iniciando el entorno development","level":"info"}
{"message":"El servidor esta corriendo en el puerto 8080","level":"info"}
{"message":"Esta es la base de datos que se esta usando mongodb://localhost/adifia","level":"info"}
{"message":"Iniciando el entorno development","level":"info"}
{"message":"El servidor esta corriendo en el puerto 8080","level":"info"}
{"message":"Esta es la base de datos que se esta usando mongodb://localhost/adifia","level":"info"}
{"message":"Iniciando el entorno development","level":"info"}
{"message":"El servidor esta corriendo en el puerto 8080","level":"info"}
{"message":"Esta es la base de datos que se esta usando mongodb://localhost/adifia","level":"info"}
{"message":"Iniciando el entorno development","level":"info"}
{"message":"El servidor esta corriendo en el puerto 8080","level":"info"}
{"message":"Esta es la base de datos que se esta usando mongodb://localhost/adifia","level":"info"}
{"message":"Iniciando el entorno development","level":"info"}
{"message":"El servidor esta corriendo en el puerto 8080","level":"info"}
{"message":"Esta es la base de datos que se esta usando mongodb://localhost/adifia","level":"info"}
{"message":"Iniciando el entorno development","level":"info"}
{"message":"El servidor esta corriendo en el puerto 8080","level":"info"}
{"message":"Esta es la base de datos que se esta usando mongodb://localhost/adifia","level":"info"}
{"message":"Iniciando el entorno development","level":"info"}
{"message":"El servidor esta corriendo en el puerto 8080","level":"info"}
{"message":"Esta es la base de datos que se esta usando mongodb://localhost/adifia","level":"info"}
